Determining if the pthread_create exist failed with the following output:
Change Dir: /home/ayush/bluerov_auto/build/CMakeFiles/CMakeTmp

Run Build Command:"/usr/bin/make" "cmTC_16327/fast"
/usr/bin/make -f CMakeFiles/cmTC_16327.dir/build.make CMakeFiles/cmTC_16327.dir/build
make[1]: Entering directory '/home/ayush/bluerov_auto/build/CMakeFiles/CMakeTmp'
Building C object CMakeFiles/cmTC_16327.dir/CheckSymbolExists.c.o
/usr/bin/cc    -o CMakeFiles/cmTC_16327.dir/CheckSymbolExists.c.o   -c /home/ayush/bluerov_auto/build/CMakeFiles/CMakeTmp/CheckSymbolExists.c
Linking C executable cmTC_16327
/usr/bin/cmake -E cmake_link_script CMakeFiles/cmTC_16327.dir/link.txt --verbose=1
/usr/bin/cc      -rdynamic CMakeFiles/cmTC_16327.dir/CheckSymbolExists.c.o  -o cmTC_16327 
CMakeFiles/cmTC_16327.dir/CheckSymbolExists.c.o: In function `main':
CheckSymbolExists.c:(.text+0x1b): undefined reference to `pthread_create'
collect2: error: ld returned 1 exit status
CMakeFiles/cmTC_16327.dir/build.make:97: recipe for target 'cmTC_16327' failed
make[1]: *** [cmTC_16327] Error 1
make[1]: Leaving directory '/home/ayush/bluerov_auto/build/CMakeFiles/CMakeTmp'
Makefile:126: recipe for target 'cmTC_16327/fast' failed
make: *** [cmTC_16327/fast] Error 2

File /home/ayush/bluerov_auto/build/CMakeFiles/CMakeTmp/CheckSymbolExists.c:
/* */
#include <pthread.h>

int main(int argc, char** argv)
{
  (void)argv;
#ifndef pthread_create
  return ((int*)(&pthread_create))[argc];
#else
  (void)argc;
  return 0;
#endif
}

Determining if the function pthread_create exists in the pthreads failed with the following output:
Change Dir: /home/ayush/bluerov_auto/build/CMakeFiles/CMakeTmp

Run Build Command:"/usr/bin/make" "cmTC_e2cfa/fast"
/usr/bin/make -f CMakeFiles/cmTC_e2cfa.dir/build.make CMakeFiles/cmTC_e2cfa.dir/build
make[1]: Entering directory '/home/ayush/bluerov_auto/build/CMakeFiles/CMakeTmp'
Building C object CMakeFiles/cmTC_e2cfa.dir/CheckFunctionExists.c.o
/usr/bin/cc   -DCHECK_FUNCTION_EXISTS=pthread_create   -o CMakeFiles/cmTC_e2cfa.dir/CheckFunctionExists.c.o   -c /usr/share/cmake-3.10/Modules/CheckFunctionExists.c
Linking C executable cmTC_e2cfa
/usr/bin/cmake -E cmake_link_script CMakeFiles/cmTC_e2cfa.dir/link.txt --verbose=1
/usr/bin/cc  -DCHECK_FUNCTION_EXISTS=pthread_create    -rdynamic CMakeFiles/cmTC_e2cfa.dir/CheckFunctionExists.c.o  -o cmTC_e2cfa -lpthreads 
/usr/bin/ld: cannot find -lpthreads
collect2: error: ld returned 1 exit status
CMakeFiles/cmTC_e2cfa.dir/build.make:97: recipe for target 'cmTC_e2cfa' failed
make[1]: *** [cmTC_e2cfa] Error 1
make[1]: Leaving directory '/home/ayush/bluerov_auto/build/CMakeFiles/CMakeTmp'
Makefile:126: recipe for target 'cmTC_e2cfa/fast' failed
make: *** [cmTC_e2cfa/fast] Error 2


